<?xml version="1.0" encoding="UTF-8"?>
<!-- Generated by org.testng.reporters.JUnitXMLReporter -->
<testsuite ignored="0" hostname="PLNV057" failures="0" tests="6" name="Default test" time="20.562" errors="0" timestamp="2022-01-08T08:44:36 ICT">
  <testcase classname="tutorial.com.TutorialWebDriver.Topic_02_Xpath_Css" name="TC_01_Register_Empty_Data" time="5.597"/>
  <testcase classname="tutorial.com.TutorialWebDriver.Topic_02_Xpath_Css" name="TC_02_Register_Invalid_Email" time="3.035"/>
  <testcase classname="tutorial.com.TutorialWebDriver.Topic_02_Xpath_Css" name="TC_03_Register_Incorrect_Email" time="3.058"/>
  <testcase classname="tutorial.com.TutorialWebDriver.Topic_02_Xpath_Css" name="TC_04_Register_Password_Less_Than_6_Chars" time="3.067"/>
  <testcase classname="tutorial.com.TutorialWebDriver.Topic_02_Xpath_Css" name="TC_05_Register_Incorrect_Password" time="0.712"/>
  <testcase classname="tutorial.com.TutorialWebDriver.Topic_02_Xpath_Css" name="TC_06_Register_Invalid_Phone" time="0.623"/>
</testsuite> <!-- Default test -->
