<?xml version="1.0" encoding="UTF-8"?>
<testng-results ignored="0" total="6" passed="6" failed="0" skipped="0">
  <reporter-output>
  </reporter-output>
  <suite started-at="2022-01-08T09:26:07 ICT" name="Default suite" finished-at="2022-01-08T09:26:30 ICT" duration-ms="23942">
    <groups>
    </groups>
    <test started-at="2022-01-08T09:26:07 ICT" name="Default test" finished-at="2022-01-08T09:26:30 ICT" duration-ms="23942">
      <class name="tutorial.com.TutorialWebDriver.Topic_02_Xpath_Css">
        <test-method is-config="true" signature="beforeClass()[pri:0, instance:tutorial.com.TutorialWebDriver.Topic_02_Xpath_Css@7c24b813]" started-at="2022-01-08T09:26:07 ICT" name="beforeClass" finished-at="2022-01-08T09:26:10 ICT" duration-ms="3641" status="PASS">
          <reporter-output>
          </reporter-output>
        </test-method> <!-- beforeClass -->
        <test-method signature="TC_01_Register_Empty_Data()[pri:0, instance:tutorial.com.TutorialWebDriver.Topic_02_Xpath_Css@7c24b813]" started-at="2022-01-08T09:26:10 ICT" name="TC_01_Register_Empty_Data" finished-at="2022-01-08T09:26:14 ICT" duration-ms="4127" status="PASS">
          <reporter-output>
          </reporter-output>
        </test-method> <!-- TC_01_Register_Empty_Data -->
        <test-method signature="TC_02_Register_Invalid_Email()[pri:0, instance:tutorial.com.TutorialWebDriver.Topic_02_Xpath_Css@7c24b813]" started-at="2022-01-08T09:26:14 ICT" name="TC_02_Register_Invalid_Email" finished-at="2022-01-08T09:26:17 ICT" duration-ms="2908" status="PASS">
          <reporter-output>
          </reporter-output>
        </test-method> <!-- TC_02_Register_Invalid_Email -->
        <test-method signature="TC_03_Register_Incorrect_Email()[pri:0, instance:tutorial.com.TutorialWebDriver.Topic_02_Xpath_Css@7c24b813]" started-at="2022-01-08T09:26:17 ICT" name="TC_03_Register_Incorrect_Email" finished-at="2022-01-08T09:26:20 ICT" duration-ms="3026" status="PASS">
          <reporter-output>
          </reporter-output>
        </test-method> <!-- TC_03_Register_Incorrect_Email -->
        <test-method signature="TC_04_Register_Password_Less_Than_6_Chars()[pri:0, instance:tutorial.com.TutorialWebDriver.Topic_02_Xpath_Css@7c24b813]" started-at="2022-01-08T09:26:20 ICT" name="TC_04_Register_Password_Less_Than_6_Chars" finished-at="2022-01-08T09:26:23 ICT" duration-ms="2985" status="PASS">
          <reporter-output>
          </reporter-output>
        </test-method> <!-- TC_04_Register_Password_Less_Than_6_Chars -->
        <test-method signature="TC_05_Register_Incorrect_Password()[pri:0, instance:tutorial.com.TutorialWebDriver.Topic_02_Xpath_Css@7c24b813]" started-at="2022-01-08T09:26:23 ICT" name="TC_05_Register_Incorrect_Password" finished-at="2022-01-08T09:26:26 ICT" duration-ms="2891" status="PASS">
          <reporter-output>
          </reporter-output>
        </test-method> <!-- TC_05_Register_Incorrect_Password -->
        <test-method signature="TC_06_Register_Invalid_Phone()[pri:0, instance:tutorial.com.TutorialWebDriver.Topic_02_Xpath_Css@7c24b813]" started-at="2022-01-08T09:26:26 ICT" name="TC_06_Register_Invalid_Phone" finished-at="2022-01-08T09:26:30 ICT" duration-ms="3488" status="PASS">
          <reporter-output>
          </reporter-output>
        </test-method> <!-- TC_06_Register_Invalid_Phone -->
        <test-method is-config="true" signature="afterClass()[pri:0, instance:tutorial.com.TutorialWebDriver.Topic_02_Xpath_Css@7c24b813]" started-at="2022-01-08T09:26:30 ICT" name="afterClass" finished-at="2022-01-08T09:26:30 ICT" duration-ms="833" status="PASS">
          <reporter-output>
          </reporter-output>
        </test-method> <!-- afterClass -->
      </class> <!-- tutorial.com.TutorialWebDriver.Topic_02_Xpath_Css -->
    </test> <!-- Default test -->
  </suite> <!-- Default suite -->
</testng-results>
