<?xml version="1.0" encoding="UTF-8"?>
<testng-results ignored="0" total="6" passed="6" failed="0" skipped="0">
  <reporter-output>
  </reporter-output>
  <suite started-at="2022-01-08T08:44:15 ICT" name="Default suite" finished-at="2022-01-08T08:44:36 ICT" duration-ms="20562">
    <groups>
    </groups>
    <test started-at="2022-01-08T08:44:15 ICT" name="Default test" finished-at="2022-01-08T08:44:36 ICT" duration-ms="20562">
      <class name="tutorial.com.TutorialWebDriver.Topic_02_Xpath_Css">
        <test-method is-config="true" signature="beforeClass()[pri:0, instance:tutorial.com.TutorialWebDriver.Topic_02_Xpath_Css@7c24b813]" started-at="2022-01-08T08:44:15 ICT" name="beforeClass" finished-at="2022-01-08T08:44:19 ICT" duration-ms="3630" status="PASS">
          <reporter-output>
          </reporter-output>
        </test-method> <!-- beforeClass -->
        <test-method signature="TC_01_Register_Empty_Data()[pri:0, instance:tutorial.com.TutorialWebDriver.Topic_02_Xpath_Css@7c24b813]" started-at="2022-01-08T08:44:19 ICT" name="TC_01_Register_Empty_Data" finished-at="2022-01-08T08:44:24 ICT" duration-ms="5597" status="PASS">
          <reporter-output>
          </reporter-output>
        </test-method> <!-- TC_01_Register_Empty_Data -->
        <test-method signature="TC_02_Register_Invalid_Email()[pri:0, instance:tutorial.com.TutorialWebDriver.Topic_02_Xpath_Css@7c24b813]" started-at="2022-01-08T08:44:24 ICT" name="TC_02_Register_Invalid_Email" finished-at="2022-01-08T08:44:27 ICT" duration-ms="3035" status="PASS">
          <reporter-output>
          </reporter-output>
        </test-method> <!-- TC_02_Register_Invalid_Email -->
        <test-method signature="TC_03_Register_Incorrect_Email()[pri:0, instance:tutorial.com.TutorialWebDriver.Topic_02_Xpath_Css@7c24b813]" started-at="2022-01-08T08:44:27 ICT" name="TC_03_Register_Incorrect_Email" finished-at="2022-01-08T08:44:31 ICT" duration-ms="3058" status="PASS">
          <reporter-output>
          </reporter-output>
        </test-method> <!-- TC_03_Register_Incorrect_Email -->
        <test-method signature="TC_04_Register_Password_Less_Than_6_Chars()[pri:0, instance:tutorial.com.TutorialWebDriver.Topic_02_Xpath_Css@7c24b813]" started-at="2022-01-08T08:44:31 ICT" name="TC_04_Register_Password_Less_Than_6_Chars" finished-at="2022-01-08T08:44:34 ICT" duration-ms="3067" status="PASS">
          <reporter-output>
          </reporter-output>
        </test-method> <!-- TC_04_Register_Password_Less_Than_6_Chars -->
        <test-method signature="TC_05_Register_Incorrect_Password()[pri:0, instance:tutorial.com.TutorialWebDriver.Topic_02_Xpath_Css@7c24b813]" started-at="2022-01-08T08:44:34 ICT" name="TC_05_Register_Incorrect_Password" finished-at="2022-01-08T08:44:34 ICT" duration-ms="712" status="PASS">
          <reporter-output>
          </reporter-output>
        </test-method> <!-- TC_05_Register_Incorrect_Password -->
        <test-method signature="TC_06_Register_Invalid_Phone()[pri:0, instance:tutorial.com.TutorialWebDriver.Topic_02_Xpath_Css@7c24b813]" started-at="2022-01-08T08:44:34 ICT" name="TC_06_Register_Invalid_Phone" finished-at="2022-01-08T08:44:35 ICT" duration-ms="623" status="PASS">
          <reporter-output>
          </reporter-output>
        </test-method> <!-- TC_06_Register_Invalid_Phone -->
        <test-method is-config="true" signature="afterClass()[pri:0, instance:tutorial.com.TutorialWebDriver.Topic_02_Xpath_Css@7c24b813]" started-at="2022-01-08T08:44:35 ICT" name="afterClass" finished-at="2022-01-08T08:44:36 ICT" duration-ms="793" status="PASS">
          <reporter-output>
          </reporter-output>
        </test-method> <!-- afterClass -->
      </class> <!-- tutorial.com.TutorialWebDriver.Topic_02_Xpath_Css -->
    </test> <!-- Default test -->
  </suite> <!-- Default suite -->
</testng-results>
