<?xml version="1.0" encoding="UTF-8"?>
<!-- Generated by org.testng.reporters.JUnitReportReporter -->
<testsuite hostname="PLNV057" failures="0" tests="6" name="tutorial.com.TutorialWebDriver.Topic_02_Xpath_Css" time="19.425" errors="0" timestamp="2022-01-08T09:26:31 ICT" skipped="0">
  <testcase classname="tutorial.com.TutorialWebDriver.Topic_02_Xpath_Css" name="TC_05_Register_Incorrect_Password" time="2.891"/>
  <system-out/>
  <testcase classname="tutorial.com.TutorialWebDriver.Topic_02_Xpath_Css" name="TC_01_Register_Empty_Data" time="4.127"/>
  <system-out/>
  <testcase classname="tutorial.com.TutorialWebDriver.Topic_02_Xpath_Css" name="TC_02_Register_Invalid_Email" time="2.908"/>
  <system-out/>
  <testcase classname="tutorial.com.TutorialWebDriver.Topic_02_Xpath_Css" name="TC_03_Register_Incorrect_Email" time="3.026"/>
  <system-out/>
  <testcase classname="tutorial.com.TutorialWebDriver.Topic_02_Xpath_Css" name="TC_04_Register_Password_Less_Than_6_Chars" time="2.985"/>
  <system-out/>
  <testcase classname="tutorial.com.TutorialWebDriver.Topic_02_Xpath_Css" name="TC_06_Register_Invalid_Phone" time="3.488"/>
  <system-out/>
</testsuite> <!-- tutorial.com.TutorialWebDriver.Topic_02_Xpath_Css -->
